<?xml version="1.0" encoding="UTF-8"?>
<testng-results skipped="0" failed="0" ignored="0" total="3" passed="3">
  <reporter-output>
  </reporter-output>
  <suite name="Test" duration-ms="43486" started-at="2018-10-15T20:20:19Z" finished-at="2018-10-15T20:21:03Z">
    <groups>
    </groups>
    <test name="CreateUserTest" duration-ms="43486" started-at="2018-10-15T20:20:19Z" finished-at="2018-10-15T20:21:03Z">
      <class name="Test.CreateUserTest">
        <test-method status="PASS" signature="beforeClass()[pri:0, instance:Test.CreateUserTest@5faeada1]" name="beforeClass" is-config="true" duration-ms="4676" started-at="2018-10-15T20:20:19Z" finished-at="2018-10-15T20:20:24Z">
          <reporter-output>
          </reporter-output>
        </test-method> <!-- beforeClass -->
        <test-method status="PASS" signature="testCreateUserEmployees()[pri:0, instance:Test.CreateUserTest@5faeada1]" name="testCreateUserEmployees" duration-ms="8651" started-at="2018-10-15T20:20:24Z" finished-at="2018-10-15T20:20:32Z">
          <reporter-output>
          </reporter-output>
        </test-method> <!-- testCreateUserEmployees -->
        <test-method status="PASS" signature="afterMethod()[pri:0, instance:Test.CreateUserTest@5faeada1]" name="afterMethod" is-config="true" duration-ms="716" started-at="2018-10-15T20:20:32Z" finished-at="2018-10-15T20:20:33Z">
          <reporter-output>
          </reporter-output>
        </test-method> <!-- afterMethod -->
        <test-method status="PASS" signature="beforeClass()[pri:0, instance:Test.CreateUserTest@5faeada1]" name="beforeClass" is-config="true" duration-ms="4546" started-at="2018-10-15T20:20:33Z" finished-at="2018-10-15T20:20:38Z">
          <reporter-output>
          </reporter-output>
        </test-method> <!-- beforeClass -->
        <test-method status="PASS" signature="testVerifyCreateUserEmployees()[pri:0, instance:Test.CreateUserTest@5faeada1]" name="testVerifyCreateUserEmployees" duration-ms="12755" started-at="2018-10-15T20:20:38Z" finished-at="2018-10-15T20:20:50Z">
          <reporter-output>
          </reporter-output>
        </test-method> <!-- testVerifyCreateUserEmployees -->
        <test-method status="PASS" signature="afterMethod()[pri:0, instance:Test.CreateUserTest@5faeada1]" name="afterMethod" is-config="true" duration-ms="666" started-at="2018-10-15T20:20:50Z" finished-at="2018-10-15T20:20:51Z">
          <reporter-output>
          </reporter-output>
        </test-method> <!-- afterMethod -->
      </class> <!-- Test.CreateUserTest -->
      <class name="Test.LoginTest">
        <test-method status="PASS" signature="beforeClass()[pri:0, instance:Test.LoginTest@528931cf]" name="beforeClass" is-config="true" duration-ms="3866" started-at="2018-10-15T20:20:51Z" finished-at="2018-10-15T20:20:55Z">
          <reporter-output>
          </reporter-output>
        </test-method> <!-- beforeClass -->
        <test-method status="PASS" signature="verifyLoginUser()[pri:0, instance:Test.LoginTest@528931cf]" name="verifyLoginUser" duration-ms="7423" started-at="2018-10-15T20:20:55Z" finished-at="2018-10-15T20:21:02Z">
          <reporter-output>
          </reporter-output>
        </test-method> <!-- verifyLoginUser -->
        <test-method status="PASS" signature="afterMethod()[pri:0, instance:Test.LoginTest@528931cf]" name="afterMethod" is-config="true" duration-ms="158" started-at="2018-10-15T20:21:02Z" finished-at="2018-10-15T20:21:03Z">
          <reporter-output>
          </reporter-output>
        </test-method> <!-- afterMethod -->
      </class> <!-- Test.LoginTest -->
    </test> <!-- CreateUserTest -->
  </suite> <!-- Test -->
</testng-results>
