<?xml version="1.0" encoding="UTF-8"?>
<!-- Generated by org.testng.reporters.JUnitXMLReporter -->
<testsuite hostname="Justin-PC" ignored="0" name="CreateUserTest" tests="3" failures="0" timestamp="15 oct 2018 20:21:03 GMT" time="43.486" errors="0">
  <testcase name="testCreateUserEmployees" time="8.651" classname="Test.CreateUserTest"/>
  <testcase name="testVerifyCreateUserEmployees" time="12.755" classname="Test.CreateUserTest"/>
  <testcase name="verifyLoginUser" time="7.423" classname="Test.LoginTest"/>
</testsuite> <!-- CreateUserTest -->
